<?xml version="1.0" encoding="UTF-8"?>
<testng-results ignored="0" total="1" passed="1" failed="0" skipped="0">
  <reporter-output>
  </reporter-output>
  <suite started-at="2022-12-02T09:27:07 IST" name="Suite" finished-at="2022-12-02T09:28:55 IST" duration-ms="107690">
    <groups>
    </groups>
    <test started-at="2022-12-02T09:27:07 IST" name="Test demopage" finished-at="2022-12-02T09:28:55 IST" duration-ms="107690">
      <class name="com.qa.testscripts.TC_MercuryLogin_001">
        <test-method is-config="true" signature="Setup(java.lang.String,java.lang.String)[pri:0, instance:com.qa.testscripts.TC_MercuryLogin_001@2b48a640]" started-at="2022-12-02T09:27:07 IST" name="Setup" finished-at="2022-12-02T09:28:34 IST" duration-ms="86711" status="PASS">
          <params>
            <param index="0">
              <value>
                <![CDATA[Chrome]]>
              </value>
            </param>
            <param index="1">
              <value>
                <![CDATA[https://demo.guru99.com/test/newtours/index.php]]>
              </value>
            </param>
          </params>
          <reporter-output>
          </reporter-output>
        </test-method> <!-- Setup -->
        <test-method signature="login(java.lang.String,java.lang.String)[pri:0, instance:com.qa.testscripts.TC_MercuryLogin_001@2b48a640]" started-at="2022-12-02T09:28:34 IST" name="login" finished-at="2022-12-02T09:28:55 IST" duration-ms="20836" status="PASS">
          <params>
            <param index="0">
              <value>
                <![CDATA[Chrome]]>
              </value>
            </param>
            <param index="1">
              <value>
                <![CDATA[https://demo.guru99.com/test/newtours/index.php]]>
              </value>
            </param>
          </params>
          <reporter-output>
          </reporter-output>
        </test-method> <!-- login -->
      </class> <!-- com.qa.testscripts.TC_MercuryLogin_001 -->
    </test> <!-- Test demopage -->
  </suite> <!-- Suite -->
</testng-results>
