<?xml version="1.0" encoding="UTF-8"?>
<testng-results ignored="0" total="6" passed="5" failed="1" skipped="0">
  <reporter-output>
  </reporter-output>
  <suite started-at="2022-12-09T16:02:57 IST" name="Suite" finished-at="2022-12-09T16:06:35 IST" duration-ms="217404">
    <groups>
    </groups>
    <test started-at="2022-12-09T16:02:57 IST" name="Test Chrome" finished-at="2022-12-09T16:06:35 IST" duration-ms="217404">
      <class name="com.qa.testscripts.AmazonSearch">
        <test-method is-config="true" signature="open_browswe(java.lang.String,java.lang.String)[pri:0, instance:com.qa.testscripts.AmazonSearch@82de64a]" started-at="2022-12-09T16:02:57 IST" name="open_browswe" finished-at="2022-12-09T16:03:37 IST" duration-ms="39603" status="PASS">
          <params>
            <param index="0">
              <value>
                <![CDATA[chrome]]>
              </value>
            </param>
            <param index="1">
              <value>
                <![CDATA[https://www.amazon.in/]]>
              </value>
            </param>
          </params>
          <reporter-output>
          </reporter-output>
        </test-method> <!-- open_browswe -->
        <test-method signature="getTest(java.lang.String,java.lang.String)[pri:0, instance:com.qa.testscripts.AmazonSearch@82de64a]" started-at="2022-12-09T16:03:54 IST" name="getTest" data-provider="getdata" finished-at="2022-12-09T16:04:39 IST" duration-ms="45039" status="PASS">
          <params>
            <param index="0">
              <value>
                <![CDATA[Electronics]]>
              </value>
            </param>
            <param index="1">
              <value>
                <![CDATA[mobile]]>
              </value>
            </param>
          </params>
          <reporter-output>
          </reporter-output>
        </test-method> <!-- getTest -->
        <test-method signature="getTest(java.lang.String,java.lang.String)[pri:0, instance:com.qa.testscripts.AmazonSearch@82de64a]" started-at="2022-12-09T16:04:39 IST" name="getTest" data-provider="getdata" finished-at="2022-12-09T16:05:05 IST" duration-ms="26449" status="PASS">
          <params>
            <param index="0">
              <value>
                <![CDATA[Furniture]]>
              </value>
            </param>
            <param index="1">
              <value>
                <![CDATA[Chair]]>
              </value>
            </param>
          </params>
          <reporter-output>
          </reporter-output>
        </test-method> <!-- getTest -->
        <test-method signature="getTest(java.lang.String,java.lang.String)[pri:0, instance:com.qa.testscripts.AmazonSearch@82de64a]" started-at="2022-12-09T16:05:05 IST" name="getTest" data-provider="getdata" finished-at="2022-12-09T16:05:35 IST" duration-ms="30154" status="PASS">
          <params>
            <param index="0">
              <value>
                <![CDATA[Watches]]>
              </value>
            </param>
            <param index="1">
              <value>
                <![CDATA[Titan]]>
              </value>
            </param>
          </params>
          <reporter-output>
          </reporter-output>
        </test-method> <!-- getTest -->
        <test-method signature="getTest(java.lang.String,java.lang.String)[pri:0, instance:com.qa.testscripts.AmazonSearch@82de64a]" started-at="2022-12-09T16:05:35 IST" name="getTest" data-provider="getdata" finished-at="2022-12-09T16:05:59 IST" duration-ms="23519" status="PASS">
          <params>
            <param index="0">
              <value>
                <![CDATA[Books]]>
              </value>
            </param>
            <param index="1">
              <value>
                <![CDATA[The Republic]]>
              </value>
            </param>
          </params>
          <reporter-output>
          </reporter-output>
        </test-method> <!-- getTest -->
        <test-method signature="getTest(java.lang.String,java.lang.String)[pri:0, instance:com.qa.testscripts.AmazonSearch@82de64a]" started-at="2022-12-09T16:05:59 IST" name="getTest" data-provider="getdata" finished-at="2022-12-09T16:06:21 IST" duration-ms="22512" status="PASS">
          <params>
            <param index="0">
              <value>
                <![CDATA[Alexa Skills]]>
              </value>
            </param>
            <param index="1">
              <value>
                <![CDATA[Call]]>
              </value>
            </param>
          </params>
          <reporter-output>
          </reporter-output>
        </test-method> <!-- getTest -->
        <test-method signature="getTest(java.lang.String,java.lang.String)[pri:0, instance:com.qa.testscripts.AmazonSearch@82de64a]" started-at="2022-12-09T16:06:21 IST" name="getTest" data-provider="getdata" finished-at="2022-12-09T16:06:30 IST" duration-ms="9186" status="FAIL">
          <params>
            <param index="0">
              <value>
                <![CDATA[Pen ]]>
              </value>
            </param>
            <param index="1">
              <value>
                <![CDATA[Parker]]>
              </value>
            </param>
          </params>
          <exception class="org.openqa.selenium.NoSuchElementException">
            <message>
              <![CDATA[Cannot locate element with text: Pen 
For documentation on this error, please visit: https://www.seleniumhq.org/exceptions/no_such_element.html
Build info: version: '3.141.59', revision: 'e82be7d358', time: '2018-11-14T08:17:03'
System info: host: 'ABINESS-JR', ip: '192.168.137.216', os.name: 'Windows 10', os.arch: 'amd64', os.version: '10.0', java.version: '17.0.4.1'
Driver info: driver.version: unknown]]>
            </message>
            <full-stacktrace>
              <![CDATA[org.openqa.selenium.NoSuchElementException: Cannot locate element with text: Pen 
For documentation on this error, please visit: https://www.seleniumhq.org/exceptions/no_such_element.html
Build info: version: '3.141.59', revision: 'e82be7d358', time: '2018-11-14T08:17:03'
System info: host: 'ABINESS-JR', ip: '192.168.137.216', os.name: 'Windows 10', os.arch: 'amd64', os.version: '10.0', java.version: '17.0.4.1'
Driver info: driver.version: unknown
at org.openqa.selenium.support.ui.Select.selectByVisibleText(Select.java:147)
at com.qa.testscripts.AmazonSearch.getTest(AmazonSearch.java:49)
at java.base/jdk.internal.reflect.NativeMethodAccessorImpl.invoke0(Native Method)
at java.base/jdk.internal.reflect.NativeMethodAccessorImpl.invoke(NativeMethodAccessorImpl.java:77)
at java.base/jdk.internal.reflect.DelegatingMethodAccessorImpl.invoke(DelegatingMethodAccessorImpl.java:43)
at java.base/java.lang.reflect.Method.invoke(Method.java:568)
at org.testng.internal.MethodInvocationHelper.invokeMethod(MethodInvocationHelper.java:133)
at org.testng.internal.TestInvoker.invokeMethod(TestInvoker.java:598)
at org.testng.internal.TestInvoker.invokeTestMethod(TestInvoker.java:173)
at org.testng.internal.MethodRunner.runInSequence(MethodRunner.java:46)
at org.testng.internal.TestInvoker$MethodInvocationAgent.invoke(TestInvoker.java:824)
at org.testng.internal.TestInvoker.invokeTestMethods(TestInvoker.java:146)
at org.testng.internal.TestMethodWorker.invokeTestMethods(TestMethodWorker.java:146)
at org.testng.internal.TestMethodWorker.run(TestMethodWorker.java:128)
at java.base/java.util.ArrayList.forEach(ArrayList.java:1511)
at org.testng.TestRunner.privateRun(TestRunner.java:794)
at org.testng.TestRunner.run(TestRunner.java:596)
at org.testng.SuiteRunner.runTest(SuiteRunner.java:377)
at org.testng.SuiteRunner.runSequentially(SuiteRunner.java:371)
at org.testng.SuiteRunner.privateRun(SuiteRunner.java:332)
at org.testng.SuiteRunner.run(SuiteRunner.java:276)
at org.testng.SuiteRunnerWorker.runSuite(SuiteRunnerWorker.java:53)
at org.testng.SuiteRunnerWorker.run(SuiteRunnerWorker.java:96)
at org.testng.TestNG.runSuitesSequentially(TestNG.java:1212)
at org.testng.TestNG.runSuitesLocally(TestNG.java:1134)
at org.testng.TestNG.runSuites(TestNG.java:1063)
at org.testng.TestNG.run(TestNG.java:1031)
at org.testng.remote.AbstractRemoteTestNG.run(AbstractRemoteTestNG.java:115)
at org.testng.remote.RemoteTestNG.initAndRun(RemoteTestNG.java:251)
at org.testng.remote.RemoteTestNG.main(RemoteTestNG.java:77)
]]>
            </full-stacktrace>
          </exception> <!-- org.openqa.selenium.NoSuchElementException -->
          <reporter-output>
          </reporter-output>
        </test-method> <!-- getTest -->
        <test-method is-config="true" signature="close()[pri:0, instance:com.qa.testscripts.AmazonSearch@82de64a]" started-at="2022-12-09T16:06:30 IST" name="close" finished-at="2022-12-09T16:06:35 IST" duration-ms="4320" status="PASS">
          <reporter-output>
          </reporter-output>
        </test-method> <!-- close -->
      </class> <!-- com.qa.testscripts.AmazonSearch -->
    </test> <!-- Test Chrome -->
  </suite> <!-- Suite -->
</testng-results>
